[31m2025-01-23 11:16:16.481[0;39m [33m[nioEventLoopGroup-3-2][0;39m [31mWARN [0;39m [31mPID:PID_IS_UNDEFINED[0;39m [34mc.o.s.c.t.TransactionContext[0;39m - [32m[transitionState,75][0;39m - [31mInvalid state transition: INIT -> COMPLETED
[0;39m[31m2025-01-23 11:19:40.889[0;39m [33m[nioEventLoopGroup-3-3][0;39m [31mWARN [0;39m [31mPID:PID_IS_UNDEFINED[0;39m [34mc.o.s.c.t.TransactionContext[0;39m - [32m[transitionState,75][0;39m - [31mInvalid state transition: INIT -> COMPLETED
[0;39m[31m2025-01-23 11:21:23.330[0;39m [33m[nioEventLoopGroup-3-4][0;39m [31mWARN [0;39m [31mPID:PID_IS_UNDEFINED[0;39m [34mc.o.s.c.t.TransactionContext[0;39m - [32m[transitionState,75][0;39m - [31mInvalid state transition: INIT -> COMPLETED
[0;39m[31m2025-01-23 11:21:37.907[0;39m [33m[nioEventLoopGroup-3-2][0;39m [31mWARN [0;39m [31mPID:PID_IS_UNDEFINED[0;39m [34mc.o.s.c.t.TransactionContext[0;39m - [32m[transitionState,70][0;39m - [31mInvalid state transition: INIT -> COMPLETED
[0;39m[31m2025-01-23 11:22:46.644[0;39m [33m[nioEventLoopGroup-3-3][0;39m [31mWARN [0;39m [31mPID:PID_IS_UNDEFINED[0;39m [34mc.o.s.c.t.TransactionContext[0;39m - [32m[transitionState,70][0;39m - [31mInvalid state transition: INIT -> COMPLETED
[0;39m[31m2025-01-23 11:25:14.797[0;39m [33m[nioEventLoopGroup-3-2][0;39m [31mWARN [0;39m [31mPID:PID_IS_UNDEFINED[0;39m [34mc.o.s.c.t.TransactionContext[0;39m - [32m[transitionState,69][0;39m - [31mInvalid state transition: INIT -> COMPLETED
[0;39m[31m2025-01-23 11:30:58.773[0;39m [33m[nioEventLoopGroup-3-2][0;39m [31mWARN [0;39m [31mPID:PID_IS_UNDEFINED[0;39m [34mc.o.s.c.t.TransactionContext[0;39m - [32m[transitionState,69][0;39m - [31mInvalid state transition: INIT -> COMPLETED
[0;39m[31m2025-01-23 11:50:24.973[0;39m [33m[nioEventLoopGroup-3-2][0;39m [31mWARN [0;39m [31mPID:PID_IS_UNDEFINED[0;39m [34mc.o.s.c.t.TransactionContext[0;39m - [32m[transitionState,60][0;39m - [31mInvalid state transition attempt: INIT -> COMPLETED
[0;39m[31m2025-01-23 11:51:41.866[0;39m [33m[nioEventLoopGroup-3-3][0;39m [31mWARN [0;39m [31mPID:PID_IS_UNDEFINED[0;39m [34mc.o.s.c.t.TransactionContext[0;39m - [32m[transitionState,60][0;39m - [31mInvalid state transition attempt: INIT -> COMPLETED
[0;39m[31m2025-01-23 11:52:07.108[0;39m [33m[nioEventLoopGroup-3-2][0;39m [31mWARN [0;39m [31mPID:PID_IS_UNDEFINED[0;39m [34mc.o.s.c.t.TransactionContext[0;39m - [32m[transitionState,61][0;39m - [31mInvalid state transition attempt: INIT -> COMPLETED
[0;39m[31m2025-01-23 11:53:51.954[0;39m [33m[nioEventLoopGroup-3-2][0;39m [31mWARN [0;39m [31mPID:PID_IS_UNDEFINED[0;39m [34mc.o.s.c.t.TransactionContext[0;39m - [32m[transitionState,60][0;39m - [31mInvalid state transition attempt: INIT -> COMPLETED
[0;39m[31m2025-01-23 11:55:16.526[0;39m [33m[nioEventLoopGroup-3-3][0;39m [31mWARN [0;39m [31mPID:PID_IS_UNDEFINED[0;39m [34mc.o.s.c.t.TransactionContext[0;39m - [32m[transitionState,60][0;39m - [31mInvalid state transition attempt: INIT -> COMPLETED
[0;39m[31m2025-01-23 13:54:17.173[0;39m [33m[pool-2-thread-1][0;39m [31mWARN [0;39m [31mPID:PID_IS_UNDEFINED[0;39m [34mc.o.s.c.t.TransactionContext[0;39m - [32m[lambda$scheduleTimerD$0,98][0;39m - [31mACK timeout for transaction z9hG4bKy0p9D8mXrBSrg
[0;39m[31m2025-01-23 14:00:19.911[0;39m [33m[pool-2-thread-1][0;39m [31mWARN [0;39m [31mPID:PID_IS_UNDEFINED[0;39m [34mc.o.s.c.t.TransactionContext[0;39m - [32m[lambda$scheduleTimerD$0,98][0;39m - [31mACK timeout for transaction z9hG4bKUcrrvNve920Kc
[0;39m[31m2025-01-23 14:07:12.013[0;39m [33m[pool-2-thread-1][0;39m [31mWARN [0;39m [31mPID:PID_IS_UNDEFINED[0;39m [34mc.o.s.c.t.TransactionContext[0;39m - [32m[lambda$scheduleTimerD$0,98][0;39m - [31mACK timeout for transaction z9hG4bKvNHHygDj6BQ6Q
[0;39m[31m2025-01-23 14:27:51.250[0;39m [33m[pool-2-thread-1][0;39m [31mWARN [0;39m [31mPID:PID_IS_UNDEFINED[0;39m [34mc.o.s.c.t.TransactionContext[0;39m - [32m[lambda$scheduleTimerD$0,98][0;39m - [31mACK timeout for transaction z9hG4bKy73216eS0X3BF
[0;39m[31m2025-01-23 14:30:20.866[0;39m [33m[pool-2-thread-1][0;39m [31mWARN [0;39m [31mPID:PID_IS_UNDEFINED[0;39m [34mc.o.s.c.t.TransactionContext[0;39m - [32m[lambda$scheduleTimerD$0,98][0;39m - [31mACK timeout for transaction z9hG4bKZgXU31ZvX6Sya
[0;39m[31m2025-01-23 14:31:44.621[0;39m [33m[pool-2-thread-1][0;39m [31mWARN [0;39m [31mPID:PID_IS_UNDEFINED[0;39m [34mc.o.s.c.t.TransactionContext[0;39m - [32m[lambda$scheduleTimerD$0,98][0;39m - [31mACK timeout for transaction z9hG4bK12FD7Q13Qr63H
[0;39m[31m2025-01-23 14:34:15.763[0;39m [33m[pool-2-thread-1][0;39m [31mWARN [0;39m [31mPID:PID_IS_UNDEFINED[0;39m [34mc.o.s.c.t.TransactionContext[0;39m - [32m[lambda$scheduleTimerD$0,98][0;39m - [31mACK timeout for transaction z9hG4bK2B958jj7m1vpD
[0;39m[31m2025-01-23 14:39:52.605[0;39m [33m[pool-2-thread-1][0;39m [31mWARN [0;39m [31mPID:PID_IS_UNDEFINED[0;39m [34mc.o.s.c.t.TransactionContext[0;39m - [32m[lambda$scheduleTimerD$0,98][0;39m - [31mACK timeout for transaction z9hG4bK3m2yae3ajaK9r
[0;39m[31m2025-01-23 14:58:28.295[0;39m [33m[pool-2-thread-1][0;39m [31mWARN [0;39m [31mPID:PID_IS_UNDEFINED[0;39m [34mc.o.s.c.t.TransactionContext[0;39m - [32m[lambda$scheduleTimerD$0,98][0;39m - [31mACK timeout for transaction z9hG4bK4XUQc9KeFK9Um
[0;39m[31m2025-01-23 15:00:04.907[0;39m [33m[pool-2-thread-1][0;39m [31mWARN [0;39m [31mPID:PID_IS_UNDEFINED[0;39m [34mc.o.s.c.t.TransactionContext[0;39m - [32m[lambda$scheduleTimerD$0,98][0;39m - [31mACK timeout for transaction z9hG4bK56mge44HcvZeg
[0;39m[31m2025-01-23 15:47:51.914[0;39m [33m[pool-2-thread-1][0;39m [31mWARN [0;39m [31mPID:PID_IS_UNDEFINED[0;39m [34mc.o.s.c.t.TransactionContext[0;39m - [32m[lambda$scheduleTimerD$0,98][0;39m - [31mACK timeout for transaction z9hG4bK7r71Ht6r6DcmQ
[0;39m[31m2025-01-23 15:52:04.020[0;39m [33m[pool-2-thread-1][0;39m [31mWARN [0;39m [31mPID:PID_IS_UNDEFINED[0;39m [34mc.o.s.c.t.TransactionContext[0;39m - [32m[lambda$scheduleTimerD$0,98][0;39m - [31mACK timeout for transaction z9hG4bK810tKNQv3p26j
[0;39m[31m2025-01-23 15:53:41.044[0;39m [33m[pool-2-thread-1][0;39m [31mWARN [0;39m [31mPID:PID_IS_UNDEFINED[0;39m [34mc.o.s.c.t.TransactionContext[0;39m - [32m[lambda$scheduleTimerD$0,98][0;39m - [31mACK timeout for transaction z9hG4bK9atKNg8Z0ZrSe
[0;39m[31m2025-01-23 16:05:29.290[0;39m [33m[pool-2-thread-1][0;39m [31mWARN [0;39m [31mPID:PID_IS_UNDEFINED[0;39m [34mc.o.s.c.t.TransactionContext[0;39m - [32m[lambda$scheduleTimerD$0,101][0;39m - [31mACK timeout for transaction z9hG4bKamKcQBS3X8eca
[0;39m[31m2025-01-23 16:09:44.094[0;39m [33m[pool-2-thread-1][0;39m [31mWARN [0;39m [31mPID:PID_IS_UNDEFINED[0;39m [34mc.o.s.c.t.TransactionContext[0;39m - [32m[lambda$scheduleTimerD$0,101][0;39m - [31mACK timeout for transaction z9hG4bKBXc5r696tH5yN
[0;39m[31m2025-01-23 16:11:15.989[0;39m [33m[pool-2-thread-1][0;39m [31mWARN [0;39m [31mPID:PID_IS_UNDEFINED[0;39m [34mc.o.s.c.t.TransactionContext[0;39m - [32m[lambda$scheduleTimerD$0,101][0;39m - [31mACK timeout for transaction z9hG4bK3FZ6XXFUF74je
[0;39m[31m2025-01-23 16:12:16.347[0;39m [33m[pool-2-thread-1][0;39m [31mWARN [0;39m [31mPID:PID_IS_UNDEFINED[0;39m [34mc.o.s.c.t.TransactionContext[0;39m - [32m[lambda$scheduleTimerD$0,101][0;39m - [31mACK timeout for transaction z9hG4bK3FZ6XXFUF74je
[0;39m[31m2025-01-23 16:12:30.546[0;39m [33m[pool-2-thread-1][0;39m [31mWARN [0;39m [31mPID:PID_IS_UNDEFINED[0;39m [34mc.o.s.c.t.TransactionContext[0;39m - [32m[lambda$scheduleTimerD$0,101][0;39m - [31mACK timeout for transaction z9hG4bK4rrZZr0ycgU5S
[0;39m[31m2025-01-23 16:18:19.070[0;39m [33m[pool-2-thread-1][0;39m [31mWARN [0;39m [31mPID:PID_IS_UNDEFINED[0;39m [34mc.o.s.c.t.TransactionContext[0;39m - [32m[lambda$scheduleTimerD$0,101][0;39m - [31mACK timeout for transaction z9hG4bK6aBH3e25617aH
[0;39m[31m2025-01-23 16:23:12.050[0;39m [33m[pool-2-thread-1][0;39m [31mWARN [0;39m [31mPID:PID_IS_UNDEFINED[0;39m [34mc.o.s.c.t.TransactionContext[0;39m - [32m[lambda$scheduleTimerD$0,101][0;39m - [31mACK timeout for transaction z9hG4bK8vX2643c1Kmgr
[0;39m[31m2025-01-23 16:52:54.798[0;39m [33m[pool-2-thread-1][0;39m [31mWARN [0;39m [31mPID:PID_IS_UNDEFINED[0;39m [34mc.o.s.c.t.TransactionContext[0;39m - [32m[lambda$scheduleTimerD$0,106][0;39m - [31mACK timeout for transaction z9hG4bKeKNQH781F9S0D
[0;39m[31m2025-01-23 17:46:05.787[0;39m [33m[nioEventLoopGroup-3-1][0;39m [31mWARN [0;39m [31mPID:PID_IS_UNDEFINED[0;39m [34mc.o.s.c.t.TransactionManager[0;39m - [32m[getContextForAck,66][0;39m - [31mNo transaction found for ACK branchId or Dialog key
[0;39m[31m2025-01-23 17:46:09.632[0;39m [33m[nioEventLoopGroup-3-1][0;39m [31mWARN [0;39m [31mPID:PID_IS_UNDEFINED[0;39m [34mc.o.s.c.t.TransactionManager[0;39m - [32m[getContextForAck,66][0;39m - [31mNo transaction found for ACK branchId or Dialog key
[0;39m[31m2025-01-23 18:03:40.721[0;39m [33m[nioEventLoopGroup-3-1][0;39m [31mWARN [0;39m [31mPID:PID_IS_UNDEFINED[0;39m [34mc.o.s.c.t.TransactionManager[0;39m - [32m[getContextForAck,66][0;39m - [31mNo transaction found for ACK branchId or Dialog key
[0;39m[31m2025-01-23 18:03:40.729[0;39m [33m[nioEventLoopGroup-3-1][0;39m [31mWARN [0;39m [31mPID:PID_IS_UNDEFINED[0;39m [34mc.o.s.c.t.TransactionManager[0;39m - [32m[getContextForAck,66][0;39m - [31mNo transaction found for ACK branchId or Dialog key
[0;39m[31m2025-01-23 18:04:20.268[0;39m [33m[nioEventLoopGroup-3-1][0;39m [31mWARN [0;39m [31mPID:PID_IS_UNDEFINED[0;39m [34mc.o.s.c.t.TransactionManager[0;39m - [32m[getContextForAck,66][0;39m - [31mNo transaction found for ACK branchId or Dialog key
[0;39m