[1;31m2025-01-24 10:01:42.220[0;39m [33m[nioEventLoopGroup-3-1][0;39m [1;31mERROR[0;39m [31mPID:PID_IS_UNDEFINED[0;39m [34mc.o.s.t.h.SipServerHandler[0;39m - [32m[exceptionCaught,43][0;39m - [1;31mChannel error: Cannot invoke "com.och.sip.core.message.SipMessage.getCallId()" because "request" is null
[0;39m[1;31m2025-01-24 10:01:42.222[0;39m [33m[nioEventLoopGroup-3-1][0;39m [1;31mERROR[0;39m [31mPID:PID_IS_UNDEFINED[0;39m [34mc.o.s.t.h.SipServerHandler[0;39m - [32m[exceptionCaught,43][0;39m - [1;31mChannel error: Cannot invoke "com.och.sip.core.message.SipMessage.getCallId()" because "request" is null
[0;39m[1;31m2025-01-24 10:01:42.222[0;39m [33m[nioEventLoopGroup-3-1][0;39m [1;31mERROR[0;39m [31mPID:PID_IS_UNDEFINED[0;39m [34mc.o.s.t.h.SipServerHandler[0;39m - [32m[exceptionCaught,43][0;39m - [1;31mChannel error: Cannot invoke "com.och.sip.core.message.SipMessage.getCallId()" because "request" is null
[0;39m[1;31m2025-01-24 10:01:42.223[0;39m [33m[nioEventLoopGroup-3-1][0;39m [1;31mERROR[0;39m [31mPID:PID_IS_UNDEFINED[0;39m [34mc.o.s.t.h.SipServerHandler[0;39m - [32m[exceptionCaught,43][0;39m - [1;31mChannel error: Cannot invoke "com.och.sip.core.message.SipMessage.getCallId()" because "request" is null
[0;39m[1;31m2025-01-24 10:01:42.224[0;39m [33m[nioEventLoopGroup-3-1][0;39m [1;31mERROR[0;39m [31mPID:PID_IS_UNDEFINED[0;39m [34mc.o.s.t.h.SipServerHandler[0;39m - [32m[exceptionCaught,43][0;39m - [1;31mChannel error: Cannot invoke "com.och.sip.core.message.SipMessage.getCallId()" because "request" is null
[0;39m[1;31m2025-01-24 10:01:42.224[0;39m [33m[nioEventLoopGroup-3-1][0;39m [1;31mERROR[0;39m [31mPID:PID_IS_UNDEFINED[0;39m [34mc.o.s.t.h.SipServerHandler[0;39m - [32m[exceptionCaught,43][0;39m - [1;31mChannel error: Cannot invoke "com.och.sip.core.message.SipMessage.getCallId()" because "request" is null
[0;39m[1;31m2025-01-24 10:05:36.934[0;39m [33m[nioEventLoopGroup-3-1][0;39m [1;31mERROR[0;39m [31mPID:PID_IS_UNDEFINED[0;39m [34mc.o.s.t.h.SipServerHandler[0;39m - [32m[exceptionCaught,43][0;39m - [1;31mChannel error: Cannot invoke "com.och.sip.core.message.SipMessage.getCallId()" because "request" is null
[0;39m[1;31m2025-01-24 11:04:59.608[0;39m [33m[nioEventLoopGroup-3-1][0;39m [1;31mERROR[0;39m [31mPID:PID_IS_UNDEFINED[0;39m [34mc.o.s.t.h.SdpNegotiationHandler[0;39m - [32m[handle,40][0;39m - [1;31mSDP negotiation failed: Failed to connect to MRCP server: Address already in use: bind
[0;39m[1;31m2025-01-24 11:04:59.636[0;39m [33m[nioEventLoopGroup-3-1][0;39m [1;31mERROR[0;39m [31mPID:PID_IS_UNDEFINED[0;39m [34mc.o.s.t.h.SdpNegotiationHandler[0;39m - [32m[handle,40][0;39m - [1;31mSDP negotiation failed: Failed to connect to MRCP server: Address already in use: bind
[0;39m[1;31m2025-01-24 11:08:16.490[0;39m [33m[nioEventLoopGroup-3-1][0;39m [1;31mERROR[0;39m [31mPID:PID_IS_UNDEFINED[0;39m [34mc.o.s.t.h.SdpNegotiationHandler[0;39m - [32m[handle,40][0;39m - [1;31mSDP negotiation failed: Failed to connect to MRCP server: Address already in use: bind
[0;39m[1;31m2025-01-24 11:08:16.542[0;39m [33m[nioEventLoopGroup-3-1][0;39m [1;31mERROR[0;39m [31mPID:PID_IS_UNDEFINED[0;39m [34mc.o.s.t.h.SdpNegotiationHandler[0;39m - [32m[handle,40][0;39m - [1;31mSDP negotiation failed: Failed to connect to MRCP server: Address already in use: bind
[0;39m[1;31m2025-01-24 11:09:10.923[0;39m [33m[nioEventLoopGroup-3-1][0;39m [1;31mERROR[0;39m [31mPID:PID_IS_UNDEFINED[0;39m [34mc.o.s.t.h.SdpNegotiationHandler[0;39m - [32m[handle,40][0;39m - [1;31mSDP negotiation failed: Address already in use: bind
[0;39m[1;31m2025-01-24 11:12:31.190[0;39m [33m[nioEventLoopGroup-3-1][0;39m [1;31mERROR[0;39m [31mPID:PID_IS_UNDEFINED[0;39m [34mc.o.s.t.h.SdpNegotiationHandler[0;39m - [32m[handle,40][0;39m - [1;31mSDP negotiation failed: Failed to connect to MRCP server: Address already in use: bind
[0;39m[1;31m2025-01-24 11:12:31.217[0;39m [33m[nioEventLoopGroup-3-1][0;39m [1;31mERROR[0;39m [31mPID:PID_IS_UNDEFINED[0;39m [34mc.o.s.t.h.SdpNegotiationHandler[0;39m - [32m[handle,40][0;39m - [1;31mSDP negotiation failed: Failed to connect to MRCP server: Address already in use: bind
[0;39m[1;31m2025-01-24 11:38:15.223[0;39m [33m[nioEventLoopGroup-3-1][0;39m [1;31mERROR[0;39m [31mPID:PID_IS_UNDEFINED[0;39m [34mc.o.s.c.t.TransactionContext[0;39m - [32m[transitionState,70][0;39m - [1;31méžæ³•çŠ¶æ€è½¬æ¢: TERMINATED -> COMPLETED
[0;39m[1;31m2025-01-24 11:38:15.223[0;39m [33m[nioEventLoopGroup-3-1][0;39m [1;31mERROR[0;39m [31mPID:PID_IS_UNDEFINED[0;39m [34mc.o.s.t.h.SipServerHandler[0;39m - [32m[exceptionCaught,43][0;39m - [1;31mChannel error: Invalid state transition
[0;39mjava.lang.IllegalStateException: Invalid state transition
	at com.och.sip.core.transaction.TransactionContext.transitionState(TransactionContext.java:71)
	at com.och.sip.core.transaction.TransactionContext.sendFinalResponse(TransactionContext.java:163)
	at com.och.sip.transport.handler.TransactionHandler.handleInvite(TransactionHandler.java:53)
	at com.och.sip.transport.handler.TransactionHandler.handle(TransactionHandler.java:28)
	at com.och.sip.transport.handler.HandlerChain.process(HandlerChain.java:16)
	at com.och.sip.transport.handler.HeaderValidationHandler.handle(HeaderValidationHandler.java:17)
	at com.och.sip.transport.handler.HandlerChain.process(HandlerChain.java:16)
	at com.och.sip.transport.handler.SipServerHandler.channelRead0(SipServerHandler.java:28)
	at com.och.sip.transport.handler.SipServerHandler.channelRead0(SipServerHandler.java:11)
	at io.netty.channel.SimpleChannelInboundHandler.channelRead(SimpleChannelInboundHandler.java:99)
	at io.netty.channel.AbstractChannelHandlerContext.invokeChannelRead(AbstractChannelHandlerContext.java:444)
	at io.netty.channel.AbstractChannelHandlerContext.invokeChannelRead(AbstractChannelHandlerContext.java:420)
	at io.netty.channel.AbstractChannelHandlerContext.fireChannelRead(AbstractChannelHandlerContext.java:412)
	at io.netty.handler.logging.LoggingHandler.channelRead(LoggingHandler.java:280)
	at io.netty.channel.AbstractChannelHandlerContext.invokeChannelRead(AbstractChannelHandlerContext.java:442)
	at io.netty.channel.AbstractChannelHandlerContext.invokeChannelRead(AbstractChannelHandlerContext.java:420)
	at io.netty.channel.AbstractChannelHandlerContext.fireChannelRead(AbstractChannelHandlerContext.java:412)
	at io.netty.handler.codec.MessageToMessageDecoder.channelRead(MessageToMessageDecoder.java:103)
	at io.netty.channel.AbstractChannelHandlerContext.invokeChannelRead(AbstractChannelHandlerContext.java:444)
	at io.netty.channel.AbstractChannelHandlerContext.invokeChannelRead(AbstractChannelHandlerContext.java:420)
	at io.netty.channel.AbstractChannelHandlerContext.fireChannelRead(AbstractChannelHandlerContext.java:412)
	at io.netty.channel.DefaultChannelPipeline$HeadContext.channelRead(DefaultChannelPipeline.java:1410)
	at io.netty.channel.AbstractChannelHandlerContext.invokeChannelRead(AbstractChannelHandlerContext.java:440)
	at io.netty.channel.AbstractChannelHandlerContext.invokeChannelRead(AbstractChannelHandlerContext.java:420)
	at io.netty.channel.DefaultChannelPipeline.fireChannelRead(DefaultChannelPipeline.java:919)
	at io.netty.channel.nio.AbstractNioMessageChannel$NioMessageUnsafe.read(AbstractNioMessageChannel.java:97)
	at io.netty.channel.nio.NioEventLoop.processSelectedKey(NioEventLoop.java:788)
	at io.netty.channel.nio.NioEventLoop.processSelectedKeysOptimized(NioEventLoop.java:724)
	at io.netty.channel.nio.NioEventLoop.processSelectedKeys(NioEventLoop.java:650)
	at io.netty.channel.nio.NioEventLoop.run(NioEventLoop.java:562)
	at io.netty.util.concurrent.SingleThreadEventExecutor$4.run(SingleThreadEventExecutor.java:997)
	at io.netty.util.internal.ThreadExecutorMap$2.run(ThreadExecutorMap.java:74)
	at io.netty.util.concurrent.FastThreadLocalRunnable.run(FastThreadLocalRunnable.java:30)
	at java.base/java.lang.Thread.run(Thread.java:833)
[1;31m2025-01-24 14:53:46.784[0;39m [33m[nioEventLoopGroup-3-1][0;39m [1;31mERROR[0;39m [31mPID:PID_IS_UNDEFINED[0;39m [34mc.o.s.t.h.SdpNegotiationHandler[0;39m - [32m[handle,37][0;39m - [1;31mSDP negotiation failed: Failed to connect to MRCP server: Connection refused: no further information: /192.168.154.1:1544
[0;39m[1;31m2025-01-24 15:28:42.871[0;39m [33m[nioEventLoopGroup-3-1][0;39m [1;31mERROR[0;39m [31mPID:PID_IS_UNDEFINED[0;39m [34mc.o.m.MrcpSessionHandler[0;39m - [32m[exceptionCaught,56][0;39m - [1;31mMRCP session error: Adjusted frame length exceeds 1000000: 1214606448 - discarded
[0;39m[1;31m2025-01-24 15:29:31.855[0;39m [33m[nioEventLoopGroup-5-1][0;39m [1;31mERROR[0;39m [31mPID:PID_IS_UNDEFINED[0;39m [34mc.o.m.MrcpSessionHandler[0;39m - [32m[exceptionCaught,56][0;39m - [1;31mMRCP session error: Adjusted frame length exceeds 1000000: 1297236820 - discarded
[0;39m[1;31m2025-01-24 15:29:31.906[0;39m [33m[nioEventLoopGroup-3-1][0;39m [1;31mERROR[0;39m [31mPID:PID_IS_UNDEFINED[0;39m [34mc.o.s.t.h.SdpNegotiationHandler[0;39m - [32m[handle,37][0;39m - [1;31mSDP negotiation failed: Failed to connect to MRCP server: Address already in use: bind
[0;39m[1;31m2025-01-24 15:29:57.489[0;39m [33m[nioEventLoopGroup-5-2][0;39m [1;31mERROR[0;39m [31mPID:PID_IS_UNDEFINED[0;39m [34mc.o.m.MrcpSessionHandler[0;39m - [32m[exceptionCaught,56][0;39m - [1;31mMRCP session error: Adjusted frame length exceeds 1000000: 1297236820 - discarded
[0;39m[1;31m2025-01-24 15:29:57.502[0;39m [33m[nioEventLoopGroup-3-1][0;39m [1;31mERROR[0;39m [31mPID:PID_IS_UNDEFINED[0;39m [34mc.o.s.t.h.SdpNegotiationHandler[0;39m - [32m[handle,37][0;39m - [1;31mSDP negotiation failed: Failed to connect to MRCP server: Address already in use: bind
[0;39m[1;31m2025-01-24 15:29:57.532[0;39m [33m[nioEventLoopGroup-3-1][0;39m [1;31mERROR[0;39m [31mPID:PID_IS_UNDEFINED[0;39m [34mc.o.s.t.h.SdpNegotiationHandler[0;39m - [32m[handle,37][0;39m - [1;31mSDP negotiation failed: Failed to connect to MRCP server: Address already in use: bind
[0;39m[1;31m2025-01-24 15:30:49.219[0;39m [33m[nioEventLoopGroup-5-1][0;39m [1;31mERROR[0;39m [31mPID:PID_IS_UNDEFINED[0;39m [34mc.o.m.MrcpSessionHandler[0;39m - [32m[exceptionCaught,56][0;39m - [1;31mMRCP session error: io.netty.util.IllegalReferenceCountException: refCnt: 0, decrement: 1
[0;39m[1;31m2025-01-24 15:30:49.256[0;39m [33m[nioEventLoopGroup-3-1][0;39m [1;31mERROR[0;39m [31mPID:PID_IS_UNDEFINED[0;39m [34mc.o.s.t.h.SdpNegotiationHandler[0;39m - [32m[handle,37][0;39m - [1;31mSDP negotiation failed: Failed to connect to MRCP server: Address already in use: bind
[0;39m[1;31m2025-01-24 15:31:41.151[0;39m [33m[nioEventLoopGroup-5-1][0;39m [1;31mERROR[0;39m [31mPID:PID_IS_UNDEFINED[0;39m [34mc.o.m.MrcpSessionHandler[0;39m - [32m[exceptionCaught,56][0;39m - [1;31mMRCP session error: io.netty.util.IllegalReferenceCountException: refCnt: 0, decrement: 1
[0;39m[1;31m2025-01-24 15:31:41.213[0;39m [33m[nioEventLoopGroup-3-1][0;39m [1;31mERROR[0;39m [31mPID:PID_IS_UNDEFINED[0;39m [34mc.o.s.t.h.SdpNegotiationHandler[0;39m - [32m[handle,37][0;39m - [1;31mSDP negotiation failed: Failed to connect to MRCP server: Address already in use: bind
[0;39m[1;31m2025-01-24 15:33:09.408[0;39m [33m[nioEventLoopGroup-5-2][0;39m [1;31mERROR[0;39m [31mPID:PID_IS_UNDEFINED[0;39m [34mc.o.m.MrcpSessionHandler[0;39m - [32m[exceptionCaught,56][0;39m - [1;31mMRCP session error: io.netty.util.IllegalReferenceCountException: refCnt: 0, decrement: 1
[0;39m[1;31m2025-01-24 15:33:09.418[0;39m [33m[nioEventLoopGroup-3-1][0;39m [1;31mERROR[0;39m [31mPID:PID_IS_UNDEFINED[0;39m [34mc.o.s.t.h.SdpNegotiationHandler[0;39m - [32m[handle,37][0;39m - [1;31mSDP negotiation failed: Failed to connect to MRCP server: Address already in use: bind
[0;39m[1;31m2025-01-24 15:33:09.445[0;39m [33m[nioEventLoopGroup-3-1][0;39m [1;31mERROR[0;39m [31mPID:PID_IS_UNDEFINED[0;39m [34mc.o.s.t.h.SdpNegotiationHandler[0;39m - [32m[handle,37][0;39m - [1;31mSDP negotiation failed: Failed to connect to MRCP server: Address already in use: bind
[0;39m[1;31m2025-01-24 15:45:55.386[0;39m [33m[nioEventLoopGroup-3-1][0;39m [1;31mERROR[0;39m [31mPID:PID_IS_UNDEFINED[0;39m [34mc.o.s.t.h.SdpNegotiationHandler[0;39m - [32m[handle,37][0;39m - [1;31mSDP negotiation failed: Failed to connect to MRCP server: Address already in use: bind
[0;39m[1;31m2025-01-24 15:46:09.116[0;39m [33m[nioEventLoopGroup-3-1][0;39m [1;31mERROR[0;39m [31mPID:PID_IS_UNDEFINED[0;39m [34mc.o.s.t.h.SdpNegotiationHandler[0;39m - [32m[handle,37][0;39m - [1;31mSDP negotiation failed: Failed to connect to MRCP server: Address already in use: bind
[0;39m[1;31m2025-01-24 15:47:53.098[0;39m [33m[nioEventLoopGroup-5-1][0;39m [1;31mERROR[0;39m [31mPID:PID_IS_UNDEFINED[0;39m [34mc.o.m.MrcpSessionHandler[0;39m - [32m[exceptionCaught,56][0;39m - [1;31mMRCP session error: Adjusted frame length exceeds 1000000: 1297236820 - discarded
[0;39m[1;31m2025-01-24 15:47:53.132[0;39m [33m[nioEventLoopGroup-3-1][0;39m [1;31mERROR[0;39m [31mPID:PID_IS_UNDEFINED[0;39m [34mc.o.s.t.h.SdpNegotiationHandler[0;39m - [32m[handle,37][0;39m - [1;31mSDP negotiation failed: Failed to connect to MRCP server: Address already in use: bind
[0;39m[1;31m2025-01-24 15:47:53.964[0;39m [33m[nioEventLoopGroup-3-1][0;39m [1;31mERROR[0;39m [31mPID:PID_IS_UNDEFINED[0;39m [34mc.o.s.t.h.SdpNegotiationHandler[0;39m - [32m[handle,37][0;39m - [1;31mSDP negotiation failed: Failed to connect to MRCP server: Address already in use: bind
[0;39m[1;31m2025-01-24 15:47:53.991[0;39m [33m[nioEventLoopGroup-3-1][0;39m [1;31mERROR[0;39m [31mPID:PID_IS_UNDEFINED[0;39m [34mc.o.s.t.h.SdpNegotiationHandler[0;39m - [32m[handle,37][0;39m - [1;31mSDP negotiation failed: Failed to connect to MRCP server: Address already in use: bind
[0;39m[1;31m2025-01-24 15:47:55.689[0;39m [33m[nioEventLoopGroup-5-2][0;39m [1;31mERROR[0;39m [31mPID:PID_IS_UNDEFINED[0;39m [34mc.o.m.MrcpSessionHandler[0;39m - [32m[exceptionCaught,56][0;39m - [1;31mMRCP session error: Adjusted frame length exceeds 1000000: 1297236820 - discarded
[0;39m[1;31m2025-01-24 15:47:55.704[0;39m [33m[nioEventLoopGroup-3-1][0;39m [1;31mERROR[0;39m [31mPID:PID_IS_UNDEFINED[0;39m [34mc.o.s.t.h.SdpNegotiationHandler[0;39m - [32m[handle,37][0;39m - [1;31mSDP negotiation failed: Failed to connect to MRCP server: Address already in use: bind
[0;39m[1;31m2025-01-24 15:47:55.738[0;39m [33m[nioEventLoopGroup-3-1][0;39m [1;31mERROR[0;39m [31mPID:PID_IS_UNDEFINED[0;39m [34mc.o.s.t.h.SdpNegotiationHandler[0;39m - [32m[handle,37][0;39m - [1;31mSDP negotiation failed: Failed to connect to MRCP server: Address already in use: bind
[0;39m[1;31m2025-01-24 15:48:05.498[0;39m [33m[nioEventLoopGroup-5-1][0;39m [1;31mERROR[0;39m [31mPID:PID_IS_UNDEFINED[0;39m [34mc.o.m.MrcpSessionHandler[0;39m - [32m[exceptionCaught,56][0;39m - [1;31mMRCP session error: Adjusted frame length exceeds 1000000: 1297236820 - discarded
[0;39m[1;31m2025-01-24 15:48:05.535[0;39m [33m[nioEventLoopGroup-3-1][0;39m [1;31mERROR[0;39m [31mPID:PID_IS_UNDEFINED[0;39m [34mc.o.s.t.h.SdpNegotiationHandler[0;39m - [32m[handle,37][0;39m - [1;31mSDP negotiation failed: Failed to connect to MRCP server: Address already in use: bind
[0;39m[1;31m2025-01-24 15:48:23.316[0;39m [33m[nioEventLoopGroup-5-1][0;39m [1;31mERROR[0;39m [31mPID:PID_IS_UNDEFINED[0;39m [34mc.o.m.MrcpSessionHandler[0;39m - [32m[exceptionCaught,56][0;39m - [1;31mMRCP session error: Adjusted frame length exceeds 1000000: 1297236820 - discarded
[0;39m[1;31m2025-01-24 15:48:23.350[0;39m [33m[nioEventLoopGroup-3-1][0;39m [1;31mERROR[0;39m [31mPID:PID_IS_UNDEFINED[0;39m [34mc.o.s.t.h.SdpNegotiationHandler[0;39m - [32m[handle,37][0;39m - [1;31mSDP negotiation failed: Failed to connect to MRCP server: Address already in use: bind
[0;39m[1;31m2025-01-24 15:51:03.418[0;39m [33m[nioEventLoopGroup-3-1][0;39m [1;31mERROR[0;39m [31mPID:PID_IS_UNDEFINED[0;39m [34mc.o.s.t.h.SdpNegotiationHandler[0;39m - [32m[handle,37][0;39m - [1;31mSDP negotiation failed: Failed to connect to MRCP server: Address already in use: bind
[0;39m[1;31m2025-01-24 15:51:41.064[0;39m [33m[nioEventLoopGroup-3-1][0;39m [1;31mERROR[0;39m [31mPID:PID_IS_UNDEFINED[0;39m [34mc.o.s.t.h.SdpNegotiationHandler[0;39m - [32m[handle,37][0;39m - [1;31mSDP negotiation failed: Failed to connect to MRCP server: Address already in use: bind
[0;39m[1;31m2025-01-24 15:54:02.891[0;39m [33m[nioEventLoopGroup-5-1][0;39m [1;31mERROR[0;39m [31mPID:PID_IS_UNDEFINED[0;39m [34mc.o.m.MrcpSessionHandler[0;39m - [32m[exceptionCaught,56][0;39m - [1;31mMRCP session error: java.lang.IllegalArgumentException: Message exceeds maximum allowed length: 1297236816
[0;39m[1;31m2025-01-24 15:54:02.909[0;39m [33m[nioEventLoopGroup-3-1][0;39m [1;31mERROR[0;39m [31mPID:PID_IS_UNDEFINED[0;39m [34mc.o.s.t.h.SdpNegotiationHandler[0;39m - [32m[handle,37][0;39m - [1;31mSDP negotiation failed: Failed to connect to MRCP server: Address already in use: bind
[0;39m[1;31m2025-01-24 15:54:02.954[0;39m [33m[nioEventLoopGroup-3-1][0;39m [1;31mERROR[0;39m [31mPID:PID_IS_UNDEFINED[0;39m [34mc.o.s.t.h.SdpNegotiationHandler[0;39m - [32m[handle,37][0;39m - [1;31mSDP negotiation failed: Failed to connect to MRCP server: Address already in use: bind
[0;39m[1;31m2025-01-24 15:55:12.977[0;39m [33m[nioEventLoopGroup-5-1][0;39m [1;31mERROR[0;39m [31mPID:PID_IS_UNDEFINED[0;39m [34mc.o.m.MrcpSessionHandler[0;39m - [32m[exceptionCaught,56][0;39m - [1;31mMRCP session error: java.lang.IllegalArgumentException: Message exceeds maximum allowed length: 1297236816
[0;39m[1;31m2025-01-24 15:55:13.008[0;39m [33m[nioEventLoopGroup-3-1][0;39m [1;31mERROR[0;39m [31mPID:PID_IS_UNDEFINED[0;39m [34mc.o.s.t.h.SdpNegotiationHandler[0;39m - [32m[handle,37][0;39m - [1;31mSDP negotiation failed: Failed to connect to MRCP server: Address already in use: bind
[0;39m[1;31m2025-01-24 15:57:42.669[0;39m [33m[nioEventLoopGroup-5-2][0;39m [1;31mERROR[0;39m [31mPID:PID_IS_UNDEFINED[0;39m [34mc.o.m.MrcpSessionHandler[0;39m - [32m[exceptionCaught,56][0;39m - [1;31mMRCP session error: java.lang.IllegalArgumentException: Message exceeds maximum allowed length: 1297236816
[0;39m[1;31m2025-01-24 15:57:42.683[0;39m [33m[nioEventLoopGroup-3-1][0;39m [1;31mERROR[0;39m [31mPID:PID_IS_UNDEFINED[0;39m [34mc.o.s.t.h.SdpNegotiationHandler[0;39m - [32m[handle,37][0;39m - [1;31mSDP negotiation failed: Failed to connect to MRCP server: Address already in use: bind
[0;39m[1;31m2025-01-24 15:57:42.711[0;39m [33m[nioEventLoopGroup-3-1][0;39m [1;31mERROR[0;39m [31mPID:PID_IS_UNDEFINED[0;39m [34mc.o.s.t.h.SdpNegotiationHandler[0;39m - [32m[handle,37][0;39m - [1;31mSDP negotiation failed: Failed to connect to MRCP server: Address already in use: bind
[0;39m[1;31m2025-01-24 15:58:29.797[0;39m [33m[nioEventLoopGroup-5-1][0;39m [1;31mERROR[0;39m [31mPID:PID_IS_UNDEFINED[0;39m [34mc.o.m.MrcpSessionHandler[0;39m - [32m[exceptionCaught,56][0;39m - [1;31mMRCP session error: java.lang.IllegalArgumentException: Message exceeds maximum allowed length: 1297236816
[0;39m[1;31m2025-01-24 15:59:15.724[0;39m [33m[nioEventLoopGroup-5-1][0;39m [1;31mERROR[0;39m [31mPID:PID_IS_UNDEFINED[0;39m [34mc.o.m.MrcpSessionHandler[0;39m - [32m[exceptionCaught,56][0;39m - [1;31mMRCP session error: java.lang.IllegalArgumentException: Message exceeds maximum allowed length: 1297236816
[0;39m[1;31m2025-01-24 15:59:15.757[0;39m [33m[nioEventLoopGroup-3-1][0;39m [1;31mERROR[0;39m [31mPID:PID_IS_UNDEFINED[0;39m [34mc.o.s.t.h.SdpNegotiationHandler[0;39m - [32m[handle,37][0;39m - [1;31mSDP negotiation failed: Failed to connect to MRCP server: Address already in use: bind
[0;39m[1;31m2025-01-24 16:01:48.429[0;39m [33m[nioEventLoopGroup-5-1][0;39m [1;31mERROR[0;39m [31mPID:PID_IS_UNDEFINED[0;39m [34mc.o.m.MrcpSessionHandler[0;39m - [32m[exceptionCaught,56][0;39m - [1;31mMRCP session error: io.netty.util.IllegalReferenceCountException: refCnt: 0, decrement: 1
[0;39m[1;31m2025-01-24 16:01:48.459[0;39m [33m[nioEventLoopGroup-3-1][0;39m [1;31mERROR[0;39m [31mPID:PID_IS_UNDEFINED[0;39m [34mc.o.s.t.h.SdpNegotiationHandler[0;39m - [32m[handle,37][0;39m - [1;31mSDP negotiation failed: Failed to connect to MRCP server: Address already in use: bind
[0;39m[1;31m2025-01-24 16:03:05.875[0;39m [33m[nioEventLoopGroup-5-1][0;39m [1;31mERROR[0;39m [31mPID:PID_IS_UNDEFINED[0;39m [34mc.o.m.MrcpSessionHandler[0;39m - [32m[exceptionCaught,56][0;39m - [1;31mMRCP session error: io.netty.util.IllegalReferenceCountException: refCnt: 0, decrement: 1
[0;39m[1;31m2025-01-24 16:03:05.909[0;39m [33m[nioEventLoopGroup-3-1][0;39m [1;31mERROR[0;39m [31mPID:PID_IS_UNDEFINED[0;39m [34mc.o.s.t.h.SdpNegotiationHandler[0;39m - [32m[handle,37][0;39m - [1;31mSDP negotiation failed: Failed to connect to MRCP server: Address already in use: bind
[0;39m[1;31m2025-01-24 16:15:01.600[0;39m [33m[nioEventLoopGroup-5-1][0;39m [1;31mERROR[0;39m [31mPID:PID_IS_UNDEFINED[0;39m [34mc.o.m.MrcpSessionHandler[0;39m - [32m[exceptionCaught,56][0;39m - [1;31mMRCP session error: io.netty.util.IllegalReferenceCountException: refCnt: 0, decrement: 1
[0;39m[1;31m2025-01-24 16:15:01.639[0;39m [33m[nioEventLoopGroup-3-1][0;39m [1;31mERROR[0;39m [31mPID:PID_IS_UNDEFINED[0;39m [34mc.o.s.t.h.SdpNegotiationHandler[0;39m - [32m[handle,37][0;39m - [1;31mSDP negotiation failed: Failed to connect to MRCP server: Address already in use: bind
[0;39m[1;31m2025-01-24 16:16:28.260[0;39m [33m[nioEventLoopGroup-5-1][0;39m [1;31mERROR[0;39m [31mPID:PID_IS_UNDEFINED[0;39m [34mc.o.m.MrcpSessionHandler[0;39m - [32m[exceptionCaught,56][0;39m - [1;31mMRCP session error: io.netty.util.IllegalReferenceCountException: refCnt: 0, decrement: 1
[0;39m[1;31m2025-01-24 16:16:28.291[0;39m [33m[nioEventLoopGroup-3-1][0;39m [1;31mERROR[0;39m [31mPID:PID_IS_UNDEFINED[0;39m [34mc.o.s.t.h.SdpNegotiationHandler[0;39m - [32m[handle,37][0;39m - [1;31mSDP negotiation failed: Failed to connect to MRCP server: Address already in use: bind
[0;39m[1;31m2025-01-24 16:18:00.572[0;39m [33m[nioEventLoopGroup-5-1][0;39m [1;31mERROR[0;39m [31mPID:PID_IS_UNDEFINED[0;39m [34mc.o.m.MrcpSessionHandler[0;39m - [32m[exceptionCaught,56][0;39m - [1;31mMRCP session error: com.och.exception.MrcpParseException: Failed to parse MRCP message
[0;39m[1;31m2025-01-24 16:18:00.602[0;39m [33m[nioEventLoopGroup-3-1][0;39m [1;31mERROR[0;39m [31mPID:PID_IS_UNDEFINED[0;39m [34mc.o.s.t.h.SdpNegotiationHandler[0;39m - [32m[handle,37][0;39m - [1;31mSDP negotiation failed: Failed to connect to MRCP server: Address already in use: bind
[0;39m[1;31m2025-01-24 16:18:34.797[0;39m [33m[nioEventLoopGroup-5-1][0;39m [1;31mERROR[0;39m [31mPID:PID_IS_UNDEFINED[0;39m [34mc.o.m.MrcpSessionHandler[0;39m - [32m[exceptionCaught,56][0;39m - [1;31mMRCP session error: com.och.exception.MrcpParseException: Failed to parse MRCP message
[0;39m[1;31m2025-01-24 16:18:34.826[0;39m [33m[nioEventLoopGroup-3-1][0;39m [1;31mERROR[0;39m [31mPID:PID_IS_UNDEFINED[0;39m [34mc.o.s.t.h.SdpNegotiationHandler[0;39m - [32m[handle,37][0;39m - [1;31mSDP negotiation failed: Failed to connect to MRCP server: Address already in use: bind
[0;39m[1;31m2025-01-24 16:19:17.471[0;39m [33m[nioEventLoopGroup-5-1][0;39m [1;31mERROR[0;39m [31mPID:PID_IS_UNDEFINED[0;39m [34mc.o.m.MrcpSessionHandler[0;39m - [32m[exceptionCaught,56][0;39m - [1;31mMRCP session error: com.och.exception.MrcpParseException: Failed to parse MRCP message
[0;39m[1;31m2025-01-24 16:19:17.505[0;39m [33m[nioEventLoopGroup-3-1][0;39m [1;31mERROR[0;39m [31mPID:PID_IS_UNDEFINED[0;39m [34mc.o.s.t.h.SdpNegotiationHandler[0;39m - [32m[handle,37][0;39m - [1;31mSDP negotiation failed: Failed to connect to MRCP server: Address already in use: bind
[0;39m[1;31m2025-01-24 16:20:06.165[0;39m [33m[nioEventLoopGroup-5-1][0;39m [1;31mERROR[0;39m [31mPID:PID_IS_UNDEFINED[0;39m [34mc.o.m.MrcpSessionHandler[0;39m - [32m[exceptionCaught,56][0;39m - [1;31mMRCP session error: com.och.exception.MrcpParseException: Failed to parse MRCP message
[0;39m[1;31m2025-01-24 16:20:16.339[0;39m [33m[nioEventLoopGroup-5-1][0;39m [1;31mERROR[0;39m [31mPID:PID_IS_UNDEFINED[0;39m [34mc.o.m.MrcpSessionHandler[0;39m - [32m[exceptionCaught,56][0;39m - [1;31mMRCP session error: com.och.exception.MrcpParseException: Failed to parse MRCP message
[0;39m[1;31m2025-01-24 16:20:16.370[0;39m [33m[nioEventLoopGroup-3-1][0;39m [1;31mERROR[0;39m [31mPID:PID_IS_UNDEFINED[0;39m [34mc.o.s.t.h.SdpNegotiationHandler[0;39m - [32m[handle,37][0;39m - [1;31mSDP negotiation failed: Failed to connect to MRCP server: Address already in use: bind
[0;39m[1;31m2025-01-24 16:20:23.364[0;39m [33m[nioEventLoopGroup-5-1][0;39m [1;31mERROR[0;39m [31mPID:PID_IS_UNDEFINED[0;39m [34mc.o.m.MrcpSessionHandler[0;39m - [32m[exceptionCaught,56][0;39m - [1;31mMRCP session error: com.och.exception.MrcpParseException: Failed to parse MRCP message
[0;39m[1;31m2025-01-24 16:20:23.398[0;39m [33m[nioEventLoopGroup-3-1][0;39m [1;31mERROR[0;39m [31mPID:PID_IS_UNDEFINED[0;39m [34mc.o.s.t.h.SdpNegotiationHandler[0;39m - [32m[handle,37][0;39m - [1;31mSDP negotiation failed: Failed to connect to MRCP server: Address already in use: bind
[0;39m[1;31m2025-01-24 16:20:57.978[0;39m [33m[nioEventLoopGroup-5-1][0;39m [1;31mERROR[0;39m [31mPID:PID_IS_UNDEFINED[0;39m [34mc.o.m.MrcpSessionHandler[0;39m - [32m[exceptionCaught,56][0;39m - [1;31mMRCP session error: com.och.exception.MrcpParseException: Failed to parse MRCP message
[0;39m[1;31m2025-01-24 16:20:58.013[0;39m [33m[nioEventLoopGroup-3-1][0;39m [1;31mERROR[0;39m [31mPID:PID_IS_UNDEFINED[0;39m [34mc.o.s.t.h.SdpNegotiationHandler[0;39m - [32m[handle,37][0;39m - [1;31mSDP negotiation failed: Failed to connect to MRCP server: Address already in use: bind
[0;39m[1;31m2025-01-24 16:31:24.596[0;39m [33m[nioEventLoopGroup-5-1][0;39m [1;31mERROR[0;39m [31mPID:PID_IS_UNDEFINED[0;39m [34mc.o.m.MrcpSessionHandler[0;39m - [32m[exceptionCaught,56][0;39m - [1;31mMRCP session error: com.och.exception.MrcpParseException: Failed to parse MRCP message
[0;39m[1;31m2025-01-24 16:31:24.637[0;39m [33m[nioEventLoopGroup-3-1][0;39m [1;31mERROR[0;39m [31mPID:PID_IS_UNDEFINED[0;39m [34mc.o.s.t.h.SdpNegotiationHandler[0;39m - [32m[handle,37][0;39m - [1;31mSDP negotiation failed: Failed to connect to MRCP server: Address already in use: bind
[0;39m[1;31m2025-01-24 16:36:56.143[0;39m [33m[nioEventLoopGroup-5-1][0;39m [1;31mERROR[0;39m [31mPID:PID_IS_UNDEFINED[0;39m [34mc.o.m.MrcpSessionHandler[0;39m - [32m[channelRead,37][0;39m - [1;31mNo session found for Channel-Identifier: 1737707803685@speechrecog
[0;39m[1;31m2025-01-24 18:31:39.932[0;39m [33m[nioEventLoopGroup-5-1][0;39m [1;31mERROR[0;39m [31mPID:PID_IS_UNDEFINED[0;39m [34mc.o.m.MrcpSessionHandler[0;39m - [32m[exceptionCaught,56][0;39m - [1;31mMRCP session error: Connection reset
[0;39m